[14:57:27.982] [INFO] storybook v10.2.3
[14:57:28.392] [DEBUG] Getting package.json info for /Users/jappy/code/jappyjan/even-realities/package.json...
[14:57:28.393] [WARN] You are currently using Storybook [1m10.2.3[22m but you have packages which are incompatible with it:

- @storybook/blocks@8.6.14 which depends on ^8.6.14
 Repo: https://github.com/storybookjs/storybook/tree/next/code/lib/blocks

Please consider updating your packages or contacting the maintainers for compatibility details.

For more details on compatibility guidance, see:
https://github.com/storybookjs/storybook/issues/32836
[14:57:28.754] [INFO] Starting...
[14:57:28.879] [DEBUG] Starting preview..
[14:57:28.885] [INFO] Addon-docs: using MDX3
[14:57:28.900] [INFO] Using implicit CSS loaders
[14:57:28.903] [INFO] Using default Webpack5 setup
[14:57:29.200] [DEBUG] Using tsconfig paths for react-docgen
[14:57:31.904] [ERROR] Failed to build the preview
[14:57:31.908] [WARN] Force closed preview build
[14:57:31.909] [ERROR] [38;2;241;97;97mSB_BUILDER-WEBPACK5_0003 (WebpackCompilationError): There were problems when compiling your code with Webpack.
Run Storybook with --debug-webpack for more information.[39m
    at starter (file:///Users/jappy/code/jappyjan/even-realities/node_modules/@storybook/builder-webpack5/dist/index.js:799:11)
    at starter.next (<anonymous>)
    at Module.start (file:///Users/jappy/code/jappyjan/even-realities/node_modules/@storybook/builder-webpack5/dist/index.js:857:34)
    at process.processTicksAndRejections (node:internal/process/task_queues:105:5)
    at async storybookDevServer (file:///Users/jappy/code/jappyjan/even-realities/node_modules/storybook/dist/core-server/index.js:7207:83)
    at async buildOrThrow (file:///Users/jappy/code/jappyjan/even-realities/node_modules/storybook/dist/core-server/index.js:4504:12)
    at async buildDevStandalone (file:///Users/jappy/code/jappyjan/even-realities/node_modules/storybook/dist/core-server/index.js:7577:66)
    at async withTelemetry (file:///Users/jappy/code/jappyjan/even-realities/node_modules/storybook/dist/_node-chunks/chunk-JS7T7TRL.js:218:12)
    at async dev (file:///Users/jappy/code/jappyjan/even-realities/node_modules/storybook/dist/bin/core.js:2734:3)
    at async _Command.<anonymous> (file:///Users/jappy/code/jappyjan/even-realities/node_modules/storybook/dist/bin/core.js:2801:92)
[14:57:31.912] [WARN] Broken build, fix the error above.
You may need to refresh the browser.